
*** Running vivado
    with args -log waveGenerator_VIO_ILA.vdi -applog -m64 -product Vivado -messageDb vivado.pb -mode batch -source waveGenerator_VIO_ILA.tcl -notrace


****** Vivado v2018.1 (64-bit)
  **** SW Build 2188600 on Wed Apr  4 18:40:38 MDT 2018
  **** IP Build 2185939 on Wed Apr  4 20:55:05 MDT 2018
    ** Copyright 1986-2018 Xilinx, Inc. All Rights Reserved.

source waveGenerator_VIO_ILA.tcl -notrace
Command: link_design -top waveGenerator_VIO_ILA -part xc7z010clg400-1
Design is defaulting to srcset: sources_1
Design is defaulting to constrset: constrs_1
INFO: [Project 1-454] Reading design checkpoint 'c:/01 - ELECTRONICA/Especializaciones/CESE/FPGA_projects/Gen_Onda_VIO_ILA.srcs/sources_1/ip/ila_0/ila_0.dcp' for cell 'ila_0_inst'
INFO: [Project 1-454] Reading design checkpoint 'c:/01 - ELECTRONICA/Especializaciones/CESE/FPGA_projects/Gen_Onda_VIO_ILA.srcs/sources_1/ip/vio_0/vio_0.dcp' for cell 'vio_0_inst'
INFO: [Netlist 29-17] Analyzing 118 Unisim elements for replacement
INFO: [Netlist 29-28] Unisim Transformation completed in 0 CPU seconds
INFO: [Project 1-479] Netlist was created with Vivado 2018.1
INFO: [Device 21-403] Loading part xc7z010clg400-1
INFO: [Project 1-570] Preparing netlist for logic optimization
INFO: [Chipscope 16-324] Core: ila_0_inst UUID: d8923df3-e0ca-58ef-8f94-7de50e816f31 
INFO: [Chipscope 16-324] Core: vio_0_inst UUID: e7ff0c21-2432-5e10-a2c1-ded3bcfa7191 
Parsing XDC File [c:/01 - ELECTRONICA/Especializaciones/CESE/FPGA_projects/Gen_Onda_VIO_ILA.srcs/sources_1/ip/vio_0/vio_0.xdc] for cell 'vio_0_inst'
Finished Parsing XDC File [c:/01 - ELECTRONICA/Especializaciones/CESE/FPGA_projects/Gen_Onda_VIO_ILA.srcs/sources_1/ip/vio_0/vio_0.xdc] for cell 'vio_0_inst'
Parsing XDC File [c:/01 - ELECTRONICA/Especializaciones/CESE/FPGA_projects/Gen_Onda_VIO_ILA.srcs/sources_1/ip/ila_0/ila_v6_2/constraints/ila_impl.xdc] for cell 'ila_0_inst/U0'
Finished Parsing XDC File [c:/01 - ELECTRONICA/Especializaciones/CESE/FPGA_projects/Gen_Onda_VIO_ILA.srcs/sources_1/ip/ila_0/ila_v6_2/constraints/ila_impl.xdc] for cell 'ila_0_inst/U0'
Parsing XDC File [c:/01 - ELECTRONICA/Especializaciones/CESE/FPGA_projects/Gen_Onda_VIO_ILA.srcs/sources_1/ip/ila_0/ila_v6_2/constraints/ila.xdc] for cell 'ila_0_inst/U0'
Finished Parsing XDC File [c:/01 - ELECTRONICA/Especializaciones/CESE/FPGA_projects/Gen_Onda_VIO_ILA.srcs/sources_1/ip/ila_0/ila_v6_2/constraints/ila.xdc] for cell 'ila_0_inst/U0'
Parsing XDC File [C:/01 - ELECTRONICA/Especializaciones/CESE/FPGA_projects/Gen_Onda_VIO_ILA.srcs/constrs_1/imports/fuentes/waveGenerator_ArtyZ7_10.xdc]
Finished Parsing XDC File [C:/01 - ELECTRONICA/Especializaciones/CESE/FPGA_projects/Gen_Onda_VIO_ILA.srcs/constrs_1/imports/fuentes/waveGenerator_ArtyZ7_10.xdc]
INFO: [Opt 31-138] Pushed 0 inverter(s) to 0 load pin(s).
INFO: [Project 1-111] Unisim Transformation Summary:
  A total of 60 instances were transformed.
  CFGLUT5 => CFGLUT5 (SRLC32E, SRL16E): 60 instances

11 Infos, 0 Warnings, 0 Critical Warnings and 0 Errors encountered.
link_design completed successfully
link_design: Time (s): cpu = 00:00:09 ; elapsed = 00:00:11 . Memory (MB): peak = 647.168 ; gain = 340.688
Command: opt_design
Attempting to get a license for feature 'Implementation' and/or device 'xc7z010'
INFO: [Common 17-349] Got license for feature 'Implementation' and/or device 'xc7z010'
Running DRC as a precondition to command opt_design

Starting DRC Task
INFO: [DRC 23-27] Running DRC with 2 threads
INFO: [Project 1-461] DRC finished with 0 Errors
INFO: [Project 1-462] Please refer to the DRC report (report_drc) for more information.

Time (s): cpu = 00:00:01 ; elapsed = 00:00:00.764 . Memory (MB): peak = 661.129 ; gain = 13.961
INFO: [Timing 38-35] Done setting XDC timing constraints.

Starting Logic Optimization Task

Phase 1 Generate And Synthesize Debug Cores
INFO: [Chipscope 16-329] Generating Script for core instance : dbg_hub 
INFO: [IP_Flow 19-3806] Processing IP xilinx.com:ip:xsdbm:3.0 for cell dbg_hub_CV.
Netlist sorting complete. Time (s): cpu = 00:00:00 ; elapsed = 00:00:00.030 . Memory (MB): peak = 1248.887 ; gain = 0.000
Phase 1 Generate And Synthesize Debug Cores | Checksum: 178d0bad8

Time (s): cpu = 00:00:01 ; elapsed = 00:01:31 . Memory (MB): peak = 1248.887 ; gain = 38.918

Phase 2 Retarget
INFO: [Opt 31-138] Pushed 0 inverter(s) to 0 load pin(s).
INFO: [Opt 31-49] Retargeted 0 cell(s).
Phase 2 Retarget | Checksum: 13719d2cd

Time (s): cpu = 00:00:02 ; elapsed = 00:01:32 . Memory (MB): peak = 1248.887 ; gain = 38.918
INFO: [Opt 31-389] Phase Retarget created 0 cells and removed 0 cells

Phase 3 Constant propagation
INFO: [Opt 31-138] Pushed 0 inverter(s) to 0 load pin(s).
Phase 3 Constant propagation | Checksum: 139e3a0ae

Time (s): cpu = 00:00:02 ; elapsed = 00:01:32 . Memory (MB): peak = 1248.887 ; gain = 38.918
INFO: [Opt 31-389] Phase Constant propagation created 0 cells and removed 16 cells

Phase 4 Sweep
Phase 4 Sweep | Checksum: 16400b937

Time (s): cpu = 00:00:02 ; elapsed = 00:01:32 . Memory (MB): peak = 1248.887 ; gain = 38.918
INFO: [Opt 31-389] Phase Sweep created 0 cells and removed 42 cells

Phase 5 BUFG optimization
Phase 5 BUFG optimization | Checksum: 16400b937

Time (s): cpu = 00:00:02 ; elapsed = 00:01:32 . Memory (MB): peak = 1248.887 ; gain = 38.918
INFO: [Opt 31-389] Phase BUFG optimization created 0 cells and removed 0 cells

Phase 6 Shift Register Optimization
Phase 6 Shift Register Optimization | Checksum: 16400b937

Time (s): cpu = 00:00:02 ; elapsed = 00:01:32 . Memory (MB): peak = 1248.887 ; gain = 38.918
INFO: [Opt 31-389] Phase Shift Register Optimization created 0 cells and removed 0 cells

Phase 7 Post Processing Netlist
Phase 7 Post Processing Netlist | Checksum: 16400b937

Time (s): cpu = 00:00:02 ; elapsed = 00:01:32 . Memory (MB): peak = 1248.887 ; gain = 38.918
INFO: [Opt 31-389] Phase Post Processing Netlist created 0 cells and removed 0 cells

Starting Connectivity Check Task

Time (s): cpu = 00:00:00 ; elapsed = 00:00:00.008 . Memory (MB): peak = 1248.887 ; gain = 0.000
Ending Logic Optimization Task | Checksum: 16400b937

Time (s): cpu = 00:00:02 ; elapsed = 00:01:32 . Memory (MB): peak = 1248.887 ; gain = 38.918

Starting Power Optimization Task
INFO: [Pwropt 34-132] Skipping clock gating for clocks with a period < 2.00 ns.
INFO: [Timing 38-35] Done setting XDC timing constraints.
INFO: [Pwropt 34-9] Applying IDT optimizations ...
INFO: [Pwropt 34-10] Applying ODC optimizations ...
INFO: [Physopt 32-619] Estimated Timing Summary | WNS=28.092 | TNS=0.000 |
Running Vector-less Activity Propagation...

Finished Running Vector-less Activity Propagation


Starting PowerOpt Patch Enables Task
INFO: [Pwropt 34-162] WRITE_MODE attribute of 0 BRAM(s) out of a total of 10 has been updated to save power. Run report_power_opt to get a complete listing of the BRAMs updated.
INFO: [Pwropt 34-201] Structural ODC has moved 0 WE to EN ports
Number of BRAM Ports augmented: 6 newly gated: 0 Total Ports: 20
Ending PowerOpt Patch Enables Task | Checksum: 10da64d19

Time (s): cpu = 00:00:00 ; elapsed = 00:00:00.059 . Memory (MB): peak = 1457.227 ; gain = 0.000
Ending Power Optimization Task | Checksum: 10da64d19

Time (s): cpu = 00:00:04 ; elapsed = 00:00:02 . Memory (MB): peak = 1457.227 ; gain = 208.340
INFO: [Common 17-83] Releasing license: Implementation
38 Infos, 0 Warnings, 0 Critical Warnings and 0 Errors encountered.
opt_design completed successfully
opt_design: Time (s): cpu = 00:00:19 ; elapsed = 00:01:48 . Memory (MB): peak = 1457.227 ; gain = 810.059
INFO: [Timing 38-480] Writing timing data to binary archive.
Writing placer database...
Writing XDEF routing.
Writing XDEF routing logical nets.
Writing XDEF routing special nets.
Write XDEF Complete: Time (s): cpu = 00:00:00 ; elapsed = 00:00:00.047 . Memory (MB): peak = 1457.227 ; gain = 0.000
INFO: [Common 17-1381] The checkpoint 'C:/01 - ELECTRONICA/Especializaciones/CESE/FPGA_projects/Gen_Onda_VIO_ILA.runs/impl_1/waveGenerator_VIO_ILA_opt.dcp' has been generated.
INFO: [runtcl-4] Executing : report_drc -file waveGenerator_VIO_ILA_drc_opted.rpt -pb waveGenerator_VIO_ILA_drc_opted.pb -rpx waveGenerator_VIO_ILA_drc_opted.rpx
Command: report_drc -file waveGenerator_VIO_ILA_drc_opted.rpt -pb waveGenerator_VIO_ILA_drc_opted.pb -rpx waveGenerator_VIO_ILA_drc_opted.rpx
INFO: [IP_Flow 19-1839] IP Catalog is up to date.
INFO: [DRC 23-27] Running DRC with 2 threads
INFO: [Coretcl 2-168] The results of DRC are in file C:/01 - ELECTRONICA/Especializaciones/CESE/FPGA_projects/Gen_Onda_VIO_ILA.runs/impl_1/waveGenerator_VIO_ILA_drc_opted.rpt.
report_drc completed successfully
INFO: [Chipscope 16-240] Debug cores have already been implemented
Command: place_design
Attempting to get a license for feature 'Implementation' and/or device 'xc7z010'
INFO: [Common 17-349] Got license for feature 'Implementation' and/or device 'xc7z010'
INFO: [DRC 23-27] Running DRC with 2 threads
INFO: [Vivado_Tcl 4-198] DRC finished with 0 Errors
INFO: [Vivado_Tcl 4-199] Please refer to the DRC report (report_drc) for more information.
Running DRC as a precondition to command place_design
INFO: [DRC 23-27] Running DRC with 2 threads
WARNING: [DRC CHECK-3] Report rule limit reached: REQP-1839 rule limit reached: 20 violations have been found.
WARNING: [DRC CHECK-3] Report rule limit reached: REQP-1840 rule limit reached: 20 violations have been found.
WARNING: [DRC REQP-1839] RAMB36 async control check: The RAMB36E1 waveGenerator_inst/rom/o_cos_reg_0 has an input control pin waveGenerator_inst/rom/o_cos_reg_0/ADDRARDADDR[10] (net: waveGenerator_inst/rom/nco_out_reg_rep[11]__0[7]) which is driven by a register (waveGenerator_inst/nco_out_reg_rep[7]__0) that has an active asychronous set or reset. This may cause corruption of the memory contents and/or read values when the set/reset is asserted and is not analyzed by the default static timing analysis. It is suggested to eliminate the use of a set/reset to registers driving this RAMB pin or else use a synchronous reset in which the assertion of the reset is timed by default.
WARNING: [DRC REQP-1839] RAMB36 async control check: The RAMB36E1 waveGenerator_inst/rom/o_cos_reg_0 has an input control pin waveGenerator_inst/rom/o_cos_reg_0/ADDRARDADDR[11] (net: waveGenerator_inst/rom/nco_out_reg_rep[11]__0[8]) which is driven by a register (waveGenerator_inst/nco_out_reg_rep[8]__0) that has an active asychronous set or reset. This may cause corruption of the memory contents and/or read values when the set/reset is asserted and is not analyzed by the default static timing analysis. It is suggested to eliminate the use of a set/reset to registers driving this RAMB pin or else use a synchronous reset in which the assertion of the reset is timed by default.
WARNING: [DRC REQP-1839] RAMB36 async control check: The RAMB36E1 waveGenerator_inst/rom/o_cos_reg_0 has an input control pin waveGenerator_inst/rom/o_cos_reg_0/ADDRARDADDR[12] (net: waveGenerator_inst/rom/nco_out_reg_rep[11]__0[9]) which is driven by a register (waveGenerator_inst/nco_out_reg_rep[9]__0) that has an active asychronous set or reset. This may cause corruption of the memory contents and/or read values when the set/reset is asserted and is not analyzed by the default static timing analysis. It is suggested to eliminate the use of a set/reset to registers driving this RAMB pin or else use a synchronous reset in which the assertion of the reset is timed by default.
WARNING: [DRC REQP-1839] RAMB36 async control check: The RAMB36E1 waveGenerator_inst/rom/o_cos_reg_0 has an input control pin waveGenerator_inst/rom/o_cos_reg_0/ADDRARDADDR[13] (net: waveGenerator_inst/rom/nco_out_reg_rep[11]__0[10]) which is driven by a register (waveGenerator_inst/nco_out_reg_rep[10]__0) that has an active asychronous set or reset. This may cause corruption of the memory contents and/or read values when the set/reset is asserted and is not analyzed by the default static timing analysis. It is suggested to eliminate the use of a set/reset to registers driving this RAMB pin or else use a synchronous reset in which the assertion of the reset is timed by default.
WARNING: [DRC REQP-1839] RAMB36 async control check: The RAMB36E1 waveGenerator_inst/rom/o_cos_reg_0 has an input control pin waveGenerator_inst/rom/o_cos_reg_0/ADDRARDADDR[14] (net: waveGenerator_inst/rom/nco_out_reg_rep[11]__0[11]) which is driven by a register (waveGenerator_inst/nco_out_reg_rep[11]__0) that has an active asychronous set or reset. This may cause corruption of the memory contents and/or read values when the set/reset is asserted and is not analyzed by the default static timing analysis. It is suggested to eliminate the use of a set/reset to registers driving this RAMB pin or else use a synchronous reset in which the assertion of the reset is timed by default.
WARNING: [DRC REQP-1839] RAMB36 async control check: The RAMB36E1 waveGenerator_inst/rom/o_cos_reg_0 has an input control pin waveGenerator_inst/rom/o_cos_reg_0/ADDRARDADDR[3] (net: waveGenerator_inst/rom/nco_out_reg_rep[11]__0[0]) which is driven by a register (waveGenerator_inst/nco_out_reg_rep[0]__0) that has an active asychronous set or reset. This may cause corruption of the memory contents and/or read values when the set/reset is asserted and is not analyzed by the default static timing analysis. It is suggested to eliminate the use of a set/reset to registers driving this RAMB pin or else use a synchronous reset in which the assertion of the reset is timed by default.
WARNING: [DRC REQP-1839] RAMB36 async control check: The RAMB36E1 waveGenerator_inst/rom/o_cos_reg_0 has an input control pin waveGenerator_inst/rom/o_cos_reg_0/ADDRARDADDR[4] (net: waveGenerator_inst/rom/nco_out_reg_rep[11]__0[1]) which is driven by a register (waveGenerator_inst/nco_out_reg_rep[1]__0) that has an active asychronous set or reset. This may cause corruption of the memory contents and/or read values when the set/reset is asserted and is not analyzed by the default static timing analysis. It is suggested to eliminate the use of a set/reset to registers driving this RAMB pin or else use a synchronous reset in which the assertion of the reset is timed by default.
WARNING: [DRC REQP-1839] RAMB36 async control check: The RAMB36E1 waveGenerator_inst/rom/o_cos_reg_0 has an input control pin waveGenerator_inst/rom/o_cos_reg_0/ADDRARDADDR[5] (net: waveGenerator_inst/rom/nco_out_reg_rep[11]__0[2]) which is driven by a register (waveGenerator_inst/nco_out_reg_rep[2]__0) that has an active asychronous set or reset. This may cause corruption of the memory contents and/or read values when the set/reset is asserted and is not analyzed by the default static timing analysis. It is suggested to eliminate the use of a set/reset to registers driving this RAMB pin or else use a synchronous reset in which the assertion of the reset is timed by default.
WARNING: [DRC REQP-1839] RAMB36 async control check: The RAMB36E1 waveGenerator_inst/rom/o_cos_reg_0 has an input control pin waveGenerator_inst/rom/o_cos_reg_0/ADDRARDADDR[6] (net: waveGenerator_inst/rom/nco_out_reg_rep[11]__0[3]) which is driven by a register (waveGenerator_inst/nco_out_reg_rep[3]__0) that has an active asychronous set or reset. This may cause corruption of the memory contents and/or read values when the set/reset is asserted and is not analyzed by the default static timing analysis. It is suggested to eliminate the use of a set/reset to registers driving this RAMB pin or else use a synchronous reset in which the assertion of the reset is timed by default.
WARNING: [DRC REQP-1839] RAMB36 async control check: The RAMB36E1 waveGenerator_inst/rom/o_cos_reg_0 has an input control pin waveGenerator_inst/rom/o_cos_reg_0/ADDRARDADDR[7] (net: waveGenerator_inst/rom/nco_out_reg_rep[11]__0[4]) which is driven by a register (waveGenerator_inst/nco_out_reg_rep[4]__0) that has an active asychronous set or reset. This may cause corruption of the memory contents and/or read values when the set/reset is asserted and is not analyzed by the default static timing analysis. It is suggested to eliminate the use of a set/reset to registers driving this RAMB pin or else use a synchronous reset in which the assertion of the reset is timed by default.
WARNING: [DRC REQP-1839] RAMB36 async control check: The RAMB36E1 waveGenerator_inst/rom/o_cos_reg_0 has an input control pin waveGenerator_inst/rom/o_cos_reg_0/ADDRARDADDR[8] (net: waveGenerator_inst/rom/nco_out_reg_rep[11]__0[5]) which is driven by a register (waveGenerator_inst/nco_out_reg_rep[5]__0) that has an active asychronous set or reset. This may cause corruption of the memory contents and/or read values when the set/reset is asserted and is not analyzed by the default static timing analysis. It is suggested to eliminate the use of a set/reset to registers driving this RAMB pin or else use a synchronous reset in which the assertion of the reset is timed by default.
WARNING: [DRC REQP-1839] RAMB36 async control check: The RAMB36E1 waveGenerator_inst/rom/o_cos_reg_0 has an input control pin waveGenerator_inst/rom/o_cos_reg_0/ADDRARDADDR[9] (net: waveGenerator_inst/rom/nco_out_reg_rep[11]__0[6]) which is driven by a register (waveGenerator_inst/nco_out_reg_rep[6]__0) that has an active asychronous set or reset. This may cause corruption of the memory contents and/or read values when the set/reset is asserted and is not analyzed by the default static timing analysis. It is suggested to eliminate the use of a set/reset to registers driving this RAMB pin or else use a synchronous reset in which the assertion of the reset is timed by default.
WARNING: [DRC REQP-1839] RAMB36 async control check: The RAMB36E1 waveGenerator_inst/rom/o_sin_reg_0 has an input control pin waveGenerator_inst/rom/o_sin_reg_0/ADDRARDADDR[10] (net: waveGenerator_inst/rom/Q[7]) which is driven by a register (waveGenerator_inst/nco_out_reg_rep[7]) that has an active asychronous set or reset. This may cause corruption of the memory contents and/or read values when the set/reset is asserted and is not analyzed by the default static timing analysis. It is suggested to eliminate the use of a set/reset to registers driving this RAMB pin or else use a synchronous reset in which the assertion of the reset is timed by default.
WARNING: [DRC REQP-1839] RAMB36 async control check: The RAMB36E1 waveGenerator_inst/rom/o_sin_reg_0 has an input control pin waveGenerator_inst/rom/o_sin_reg_0/ADDRARDADDR[11] (net: waveGenerator_inst/rom/Q[8]) which is driven by a register (waveGenerator_inst/nco_out_reg_rep[8]) that has an active asychronous set or reset. This may cause corruption of the memory contents and/or read values when the set/reset is asserted and is not analyzed by the default static timing analysis. It is suggested to eliminate the use of a set/reset to registers driving this RAMB pin or else use a synchronous reset in which the assertion of the reset is timed by default.
WARNING: [DRC REQP-1839] RAMB36 async control check: The RAMB36E1 waveGenerator_inst/rom/o_sin_reg_0 has an input control pin waveGenerator_inst/rom/o_sin_reg_0/ADDRARDADDR[12] (net: waveGenerator_inst/rom/Q[9]) which is driven by a register (waveGenerator_inst/nco_out_reg_rep[9]) that has an active asychronous set or reset. This may cause corruption of the memory contents and/or read values when the set/reset is asserted and is not analyzed by the default static timing analysis. It is suggested to eliminate the use of a set/reset to registers driving this RAMB pin or else use a synchronous reset in which the assertion of the reset is timed by default.
WARNING: [DRC REQP-1839] RAMB36 async control check: The RAMB36E1 waveGenerator_inst/rom/o_sin_reg_0 has an input control pin waveGenerator_inst/rom/o_sin_reg_0/ADDRARDADDR[13] (net: waveGenerator_inst/rom/Q[10]) which is driven by a register (waveGenerator_inst/nco_out_reg_rep[10]) that has an active asychronous set or reset. This may cause corruption of the memory contents and/or read values when the set/reset is asserted and is not analyzed by the default static timing analysis. It is suggested to eliminate the use of a set/reset to registers driving this RAMB pin or else use a synchronous reset in which the assertion of the reset is timed by default.
WARNING: [DRC REQP-1839] RAMB36 async control check: The RAMB36E1 waveGenerator_inst/rom/o_sin_reg_0 has an input control pin waveGenerator_inst/rom/o_sin_reg_0/ADDRARDADDR[14] (net: waveGenerator_inst/rom/Q[11]) which is driven by a register (waveGenerator_inst/nco_out_reg_rep[11]) that has an active asychronous set or reset. This may cause corruption of the memory contents and/or read values when the set/reset is asserted and is not analyzed by the default static timing analysis. It is suggested to eliminate the use of a set/reset to registers driving this RAMB pin or else use a synchronous reset in which the assertion of the reset is timed by default.
WARNING: [DRC REQP-1839] RAMB36 async control check: The RAMB36E1 waveGenerator_inst/rom/o_sin_reg_0 has an input control pin waveGenerator_inst/rom/o_sin_reg_0/ADDRARDADDR[7] (net: waveGenerator_inst/rom/Q[4]) which is driven by a register (waveGenerator_inst/nco_out_reg_rep[4]) that has an active asychronous set or reset. This may cause corruption of the memory contents and/or read values when the set/reset is asserted and is not analyzed by the default static timing analysis. It is suggested to eliminate the use of a set/reset to registers driving this RAMB pin or else use a synchronous reset in which the assertion of the reset is timed by default.
WARNING: [DRC REQP-1839] RAMB36 async control check: The RAMB36E1 waveGenerator_inst/rom/o_sin_reg_0 has an input control pin waveGenerator_inst/rom/o_sin_reg_0/ADDRARDADDR[8] (net: waveGenerator_inst/rom/Q[5]) which is driven by a register (waveGenerator_inst/nco_out_reg_rep[5]) that has an active asychronous set or reset. This may cause corruption of the memory contents and/or read values when the set/reset is asserted and is not analyzed by the default static timing analysis. It is suggested to eliminate the use of a set/reset to registers driving this RAMB pin or else use a synchronous reset in which the assertion of the reset is timed by default.
WARNING: [DRC REQP-1839] RAMB36 async control check: The RAMB36E1 waveGenerator_inst/rom/o_sin_reg_0 has an input control pin waveGenerator_inst/rom/o_sin_reg_0/ADDRARDADDR[9] (net: waveGenerator_inst/rom/Q[6]) which is driven by a register (waveGenerator_inst/nco_out_reg_rep[6]) that has an active asychronous set or reset. This may cause corruption of the memory contents and/or read values when the set/reset is asserted and is not analyzed by the default static timing analysis. It is suggested to eliminate the use of a set/reset to registers driving this RAMB pin or else use a synchronous reset in which the assertion of the reset is timed by default.
WARNING: [DRC REQP-1840] RAMB18 async control check: The RAMB18E1 waveGenerator_inst/rom/o_cos_reg_1 has an input control pin waveGenerator_inst/rom/o_cos_reg_1/ADDRARDADDR[10] (net: waveGenerator_inst/rom/nco_out_reg_rep[11]__0[8]) which is driven by a register (waveGenerator_inst/nco_out_reg_rep[8]__0) that has an active asychronous set or reset. This may cause corruption of the memory contents and/or read values when the set/reset is asserted and is not analyzed by the default static timing analysis. It is suggested to eliminate the use of a set/reset to registers driving this RAMB pin or else use a synchronous reset in which the assertion of the reset is timed by default.
WARNING: [DRC REQP-1840] RAMB18 async control check: The RAMB18E1 waveGenerator_inst/rom/o_cos_reg_1 has an input control pin waveGenerator_inst/rom/o_cos_reg_1/ADDRARDADDR[11] (net: waveGenerator_inst/rom/nco_out_reg_rep[11]__0[9]) which is driven by a register (waveGenerator_inst/nco_out_reg_rep[9]__0) that has an active asychronous set or reset. This may cause corruption of the memory contents and/or read values when the set/reset is asserted and is not analyzed by the default static timing analysis. It is suggested to eliminate the use of a set/reset to registers driving this RAMB pin or else use a synchronous reset in which the assertion of the reset is timed by default.
WARNING: [DRC REQP-1840] RAMB18 async control check: The RAMB18E1 waveGenerator_inst/rom/o_cos_reg_1 has an input control pin waveGenerator_inst/rom/o_cos_reg_1/ADDRARDADDR[12] (net: waveGenerator_inst/rom/nco_out_reg_rep[11]__0[10]) which is driven by a register (waveGenerator_inst/nco_out_reg_rep[10]__0) that has an active asychronous set or reset. This may cause corruption of the memory contents and/or read values when the set/reset is asserted and is not analyzed by the default static timing analysis. It is suggested to eliminate the use of a set/reset to registers driving this RAMB pin or else use a synchronous reset in which the assertion of the reset is timed by default.
WARNING: [DRC REQP-1840] RAMB18 async control check: The RAMB18E1 waveGenerator_inst/rom/o_cos_reg_1 has an input control pin waveGenerator_inst/rom/o_cos_reg_1/ADDRARDADDR[13] (net: waveGenerator_inst/rom/nco_out_reg_rep[11]__0[11]) which is driven by a register (waveGenerator_inst/nco_out_reg_rep[11]__0) that has an active asychronous set or reset. This may cause corruption of the memory contents and/or read values when the set/reset is asserted and is not analyzed by the default static timing analysis. It is suggested to eliminate the use of a set/reset to registers driving this RAMB pin or else use a synchronous reset in which the assertion of the reset is timed by default.
WARNING: [DRC REQP-1840] RAMB18 async control check: The RAMB18E1 waveGenerator_inst/rom/o_cos_reg_1 has an input control pin waveGenerator_inst/rom/o_cos_reg_1/ADDRARDADDR[2] (net: waveGenerator_inst/rom/nco_out_reg_rep[11]__0[0]) which is driven by a register (waveGenerator_inst/nco_out_reg_rep[0]__0) that has an active asychronous set or reset. This may cause corruption of the memory contents and/or read values when the set/reset is asserted and is not analyzed by the default static timing analysis. It is suggested to eliminate the use of a set/reset to registers driving this RAMB pin or else use a synchronous reset in which the assertion of the reset is timed by default.
WARNING: [DRC REQP-1840] RAMB18 async control check: The RAMB18E1 waveGenerator_inst/rom/o_cos_reg_1 has an input control pin waveGenerator_inst/rom/o_cos_reg_1/ADDRARDADDR[3] (net: waveGenerator_inst/rom/nco_out_reg_rep[11]__0[1]) which is driven by a register (waveGenerator_inst/nco_out_reg_rep[1]__0) that has an active asychronous set or reset. This may cause corruption of the memory contents and/or read values when the set/reset is asserted and is not analyzed by the default static timing analysis. It is suggested to eliminate the use of a set/reset to registers driving this RAMB pin or else use a synchronous reset in which the assertion of the reset is timed by default.
WARNING: [DRC REQP-1840] RAMB18 async control check: The RAMB18E1 waveGenerator_inst/rom/o_cos_reg_1 has an input control pin waveGenerator_inst/rom/o_cos_reg_1/ADDRARDADDR[4] (net: waveGenerator_inst/rom/nco_out_reg_rep[11]__0[2]) which is driven by a register (waveGenerator_inst/nco_out_reg_rep[2]__0) that has an active asychronous set or reset. This may cause corruption of the memory contents and/or read values when the set/reset is asserted and is not analyzed by the default static timing analysis. It is suggested to eliminate the use of a set/reset to registers driving this RAMB pin or else use a synchronous reset in which the assertion of the reset is timed by default.
WARNING: [DRC REQP-1840] RAMB18 async control check: The RAMB18E1 waveGenerator_inst/rom/o_cos_reg_1 has an input control pin waveGenerator_inst/rom/o_cos_reg_1/ADDRARDADDR[5] (net: waveGenerator_inst/rom/nco_out_reg_rep[11]__0[3]) which is driven by a register (waveGenerator_inst/nco_out_reg_rep[3]__0) that has an active asychronous set or reset. This may cause corruption of the memory contents and/or read values when the set/reset is asserted and is not analyzed by the default static timing analysis. It is suggested to eliminate the use of a set/reset to registers driving this RAMB pin or else use a synchronous reset in which the assertion of the reset is timed by default.
WARNING: [DRC REQP-1840] RAMB18 async control check: The RAMB18E1 waveGenerator_inst/rom/o_cos_reg_1 has an input control pin waveGenerator_inst/rom/o_cos_reg_1/ADDRARDADDR[6] (net: waveGenerator_inst/rom/nco_out_reg_rep[11]__0[4]) which is driven by a register (waveGenerator_inst/nco_out_reg_rep[4]__0) that has an active asychronous set or reset. This may cause corruption of the memory contents and/or read values when the set/reset is asserted and is not analyzed by the default static timing analysis. It is suggested to eliminate the use of a set/reset to registers driving this RAMB pin or else use a synchronous reset in which the assertion of the reset is timed by default.
WARNING: [DRC REQP-1840] RAMB18 async control check: The RAMB18E1 waveGenerator_inst/rom/o_cos_reg_1 has an input control pin waveGenerator_inst/rom/o_cos_reg_1/ADDRARDADDR[7] (net: waveGenerator_inst/rom/nco_out_reg_rep[11]__0[5]) which is driven by a register (waveGenerator_inst/nco_out_reg_rep[5]__0) that has an active asychronous set or reset. This may cause corruption of the memory contents and/or read values when the set/reset is asserted and is not analyzed by the default static timing analysis. It is suggested to eliminate the use of a set/reset to registers driving this RAMB pin or else use a synchronous reset in which the assertion of the reset is timed by default.
WARNING: [DRC REQP-1840] RAMB18 async control check: The RAMB18E1 waveGenerator_inst/rom/o_cos_reg_1 has an input control pin waveGenerator_inst/rom/o_cos_reg_1/ADDRARDADDR[8] (net: waveGenerator_inst/rom/nco_out_reg_rep[11]__0[6]) which is driven by a register (waveGenerator_inst/nco_out_reg_rep[6]__0) that has an active asychronous set or reset. This may cause corruption of the memory contents and/or read values when the set/reset is asserted and is not analyzed by the default static timing analysis. It is suggested to eliminate the use of a set/reset to registers driving this RAMB pin or else use a synchronous reset in which the assertion of the reset is timed by default.
WARNING: [DRC REQP-1840] RAMB18 async control check: The RAMB18E1 waveGenerator_inst/rom/o_cos_reg_1 has an input control pin waveGenerator_inst/rom/o_cos_reg_1/ADDRARDADDR[9] (net: waveGenerator_inst/rom/nco_out_reg_rep[11]__0[7]) which is driven by a register (waveGenerator_inst/nco_out_reg_rep[7]__0) that has an active asychronous set or reset. This may cause corruption of the memory contents and/or read values when the set/reset is asserted and is not analyzed by the default static timing analysis. It is suggested to eliminate the use of a set/reset to registers driving this RAMB pin or else use a synchronous reset in which the assertion of the reset is timed by default.
WARNING: [DRC REQP-1840] RAMB18 async control check: The RAMB18E1 waveGenerator_inst/rom/o_sin_reg_1 has an input control pin waveGenerator_inst/rom/o_sin_reg_1/ADDRARDADDR[10] (net: waveGenerator_inst/rom/Q[8]) which is driven by a register (waveGenerator_inst/nco_out_reg_rep[8]) that has an active asychronous set or reset. This may cause corruption of the memory contents and/or read values when the set/reset is asserted and is not analyzed by the default static timing analysis. It is suggested to eliminate the use of a set/reset to registers driving this RAMB pin or else use a synchronous reset in which the assertion of the reset is timed by default.
WARNING: [DRC REQP-1840] RAMB18 async control check: The RAMB18E1 waveGenerator_inst/rom/o_sin_reg_1 has an input control pin waveGenerator_inst/rom/o_sin_reg_1/ADDRARDADDR[11] (net: waveGenerator_inst/rom/Q[9]) which is driven by a register (waveGenerator_inst/nco_out_reg_rep[9]) that has an active asychronous set or reset. This may cause corruption of the memory contents and/or read values when the set/reset is asserted and is not analyzed by the default static timing analysis. It is suggested to eliminate the use of a set/reset to registers driving this RAMB pin or else use a synchronous reset in which the assertion of the reset is timed by default.
WARNING: [DRC REQP-1840] RAMB18 async control check: The RAMB18E1 waveGenerator_inst/rom/o_sin_reg_1 has an input control pin waveGenerator_inst/rom/o_sin_reg_1/ADDRARDADDR[12] (net: waveGenerator_inst/rom/Q[10]) which is driven by a register (waveGenerator_inst/nco_out_reg_rep[10]) that has an active asychronous set or reset. This may cause corruption of the memory contents and/or read values when the set/reset is asserted and is not analyzed by the default static timing analysis. It is suggested to eliminate the use of a set/reset to registers driving this RAMB pin or else use a synchronous reset in which the assertion of the reset is timed by default.
WARNING: [DRC REQP-1840] RAMB18 async control check: The RAMB18E1 waveGenerator_inst/rom/o_sin_reg_1 has an input control pin waveGenerator_inst/rom/o_sin_reg_1/ADDRARDADDR[13] (net: waveGenerator_inst/rom/Q[11]) which is driven by a register (waveGenerator_inst/nco_out_reg_rep[11]) that has an active asychronous set or reset. This may cause corruption of the memory contents and/or read values when the set/reset is asserted and is not analyzed by the default static timing analysis. It is suggested to eliminate the use of a set/reset to registers driving this RAMB pin or else use a synchronous reset in which the assertion of the reset is timed by default.
WARNING: [DRC REQP-1840] RAMB18 async control check: The RAMB18E1 waveGenerator_inst/rom/o_sin_reg_1 has an input control pin waveGenerator_inst/rom/o_sin_reg_1/ADDRARDADDR[6] (net: waveGenerator_inst/rom/Q[4]) which is driven by a register (waveGenerator_inst/nco_out_reg_rep[4]) that has an active asychronous set or reset. This may cause corruption of the memory contents and/or read values when the set/reset is asserted and is not analyzed by the default static timing analysis. It is suggested to eliminate the use of a set/reset to registers driving this RAMB pin or else use a synchronous reset in which the assertion of the reset is timed by default.
WARNING: [DRC REQP-1840] RAMB18 async control check: The RAMB18E1 waveGenerator_inst/rom/o_sin_reg_1 has an input control pin waveGenerator_inst/rom/o_sin_reg_1/ADDRARDADDR[7] (net: waveGenerator_inst/rom/Q[5]) which is driven by a register (waveGenerator_inst/nco_out_reg_rep[5]) that has an active asychronous set or reset. This may cause corruption of the memory contents and/or read values when the set/reset is asserted and is not analyzed by the default static timing analysis. It is suggested to eliminate the use of a set/reset to registers driving this RAMB pin or else use a synchronous reset in which the assertion of the reset is timed by default.
WARNING: [DRC REQP-1840] RAMB18 async control check: The RAMB18E1 waveGenerator_inst/rom/o_sin_reg_1 has an input control pin waveGenerator_inst/rom/o_sin_reg_1/ADDRARDADDR[8] (net: waveGenerator_inst/rom/Q[6]) which is driven by a register (waveGenerator_inst/nco_out_reg_rep[6]) that has an active asychronous set or reset. This may cause corruption of the memory contents and/or read values when the set/reset is asserted and is not analyzed by the default static timing analysis. It is suggested to eliminate the use of a set/reset to registers driving this RAMB pin or else use a synchronous reset in which the assertion of the reset is timed by default.
WARNING: [DRC REQP-1840] RAMB18 async control check: The RAMB18E1 waveGenerator_inst/rom/o_sin_reg_1 has an input control pin waveGenerator_inst/rom/o_sin_reg_1/ADDRARDADDR[9] (net: waveGenerator_inst/rom/Q[7]) which is driven by a register (waveGenerator_inst/nco_out_reg_rep[7]) that has an active asychronous set or reset. This may cause corruption of the memory contents and/or read values when the set/reset is asserted and is not analyzed by the default static timing analysis. It is suggested to eliminate the use of a set/reset to registers driving this RAMB pin or else use a synchronous reset in which the assertion of the reset is timed by default.
INFO: [Vivado_Tcl 4-198] DRC finished with 0 Errors, 42 Warnings
INFO: [Vivado_Tcl 4-199] Please refer to the DRC report (report_drc) for more information.

Starting Placer Task
INFO: [Place 30-611] Multithreading enabled for place_design using a maximum of 2 CPUs

Phase 1 Placer Initialization

Phase 1.1 Placer Initialization Netlist Sorting
Netlist sorting complete. Time (s): cpu = 00:00:00 ; elapsed = 00:00:00.009 . Memory (MB): peak = 1457.227 ; gain = 0.000
Phase 1.1 Placer Initialization Netlist Sorting | Checksum: 9c402e84

Time (s): cpu = 00:00:00 ; elapsed = 00:00:00.022 . Memory (MB): peak = 1457.227 ; gain = 0.000
INFO: [Timing 38-35] Done setting XDC timing constraints.
INFO: [Opt 31-138] Pushed 0 inverter(s) to 0 load pin(s).
Netlist sorting complete. Time (s): cpu = 00:00:00 ; elapsed = 00:00:00.008 . Memory (MB): peak = 1457.227 ; gain = 0.000

Phase 1.2 IO Placement/ Clock Placement/ Build Placer Device
INFO: [Timing 38-35] Done setting XDC timing constraints.
Phase 1.2 IO Placement/ Clock Placement/ Build Placer Device | Checksum: 10879764d

Time (s): cpu = 00:00:02 ; elapsed = 00:00:01 . Memory (MB): peak = 1457.227 ; gain = 0.000

Phase 1.3 Build Placer Netlist Model
Phase 1.3 Build Placer Netlist Model | Checksum: 1168b5179

Time (s): cpu = 00:00:03 ; elapsed = 00:00:02 . Memory (MB): peak = 1457.227 ; gain = 0.000

Phase 1.4 Constrain Clocks/Macros
Phase 1.4 Constrain Clocks/Macros | Checksum: 1168b5179

Time (s): cpu = 00:00:03 ; elapsed = 00:00:02 . Memory (MB): peak = 1457.227 ; gain = 0.000
Phase 1 Placer Initialization | Checksum: 1168b5179

Time (s): cpu = 00:00:03 ; elapsed = 00:00:02 . Memory (MB): peak = 1457.227 ; gain = 0.000

Phase 2 Global Placement
Phase 2 Global Placement | Checksum: 10c85fcb8

Time (s): cpu = 00:00:07 ; elapsed = 00:00:04 . Memory (MB): peak = 1457.227 ; gain = 0.000

Phase 3 Detail Placement

Phase 3.1 Commit Multi Column Macros
Phase 3.1 Commit Multi Column Macros | Checksum: 10c85fcb8

Time (s): cpu = 00:00:07 ; elapsed = 00:00:04 . Memory (MB): peak = 1457.227 ; gain = 0.000

Phase 3.2 Commit Most Macros & LUTRAMs
Phase 3.2 Commit Most Macros & LUTRAMs | Checksum: 1494bcfbc

Time (s): cpu = 00:00:07 ; elapsed = 00:00:04 . Memory (MB): peak = 1457.227 ; gain = 0.000

Phase 3.3 Area Swap Optimization
Phase 3.3 Area Swap Optimization | Checksum: ad56343f

Time (s): cpu = 00:00:07 ; elapsed = 00:00:04 . Memory (MB): peak = 1457.227 ; gain = 0.000

Phase 3.4 Pipeline Register Optimization
Phase 3.4 Pipeline Register Optimization | Checksum: 11a259755

Time (s): cpu = 00:00:07 ; elapsed = 00:00:04 . Memory (MB): peak = 1457.227 ; gain = 0.000

Phase 3.5 Small Shape Detail Placement
Phase 3.5 Small Shape Detail Placement | Checksum: 16aa9fb6e

Time (s): cpu = 00:00:08 ; elapsed = 00:00:05 . Memory (MB): peak = 1457.227 ; gain = 0.000

Phase 3.6 Re-assign LUT pins
Phase 3.6 Re-assign LUT pins | Checksum: e557a752

Time (s): cpu = 00:00:08 ; elapsed = 00:00:05 . Memory (MB): peak = 1457.227 ; gain = 0.000

Phase 3.7 Pipeline Register Optimization
Phase 3.7 Pipeline Register Optimization | Checksum: e557a752

Time (s): cpu = 00:00:08 ; elapsed = 00:00:05 . Memory (MB): peak = 1457.227 ; gain = 0.000
Phase 3 Detail Placement | Checksum: e557a752

Time (s): cpu = 00:00:08 ; elapsed = 00:00:05 . Memory (MB): peak = 1457.227 ; gain = 0.000

Phase 4 Post Placement Optimization and Clean-Up

Phase 4.1 Post Commit Optimization
INFO: [Timing 38-35] Done setting XDC timing constraints.

Phase 4.1.1 Post Placement Optimization
Post Placement Optimization Initialization | Checksum: 902fd07e

Phase 4.1.1.1 BUFG Insertion
INFO: [Physopt 32-721] Multithreading enabled for phys_opt_design using a maximum of 2 CPUs
INFO: [Place 46-31] BUFG insertion identified 0 candidate nets, 0 success, 0 skipped for placement/routing, 0 skipped for timing, 0 skipped for netlist change reason.
Phase 4.1.1.1 BUFG Insertion | Checksum: 902fd07e

Time (s): cpu = 00:00:09 ; elapsed = 00:00:06 . Memory (MB): peak = 1457.227 ; gain = 0.000
INFO: [Place 30-746] Post Placement Timing Summary WNS=28.084. For the most accurate timing information please run report_timing.
Phase 4.1.1 Post Placement Optimization | Checksum: 6d31cd4c

Time (s): cpu = 00:00:09 ; elapsed = 00:00:06 . Memory (MB): peak = 1457.227 ; gain = 0.000
Phase 4.1 Post Commit Optimization | Checksum: 6d31cd4c

Time (s): cpu = 00:00:09 ; elapsed = 00:00:06 . Memory (MB): peak = 1457.227 ; gain = 0.000

Phase 4.2 Post Placement Cleanup
Phase 4.2 Post Placement Cleanup | Checksum: 6d31cd4c

Time (s): cpu = 00:00:09 ; elapsed = 00:00:06 . Memory (MB): peak = 1457.227 ; gain = 0.000

Phase 4.3 Placer Reporting
Phase 4.3 Placer Reporting | Checksum: 6d31cd4c

Time (s): cpu = 00:00:09 ; elapsed = 00:00:06 . Memory (MB): peak = 1457.227 ; gain = 0.000

Phase 4.4 Final Placement Cleanup
Phase 4.4 Final Placement Cleanup | Checksum: 134a0da9a

Time (s): cpu = 00:00:09 ; elapsed = 00:00:06 . Memory (MB): peak = 1457.227 ; gain = 0.000
Phase 4 Post Placement Optimization and Clean-Up | Checksum: 134a0da9a

Time (s): cpu = 00:00:09 ; elapsed = 00:00:06 . Memory (MB): peak = 1457.227 ; gain = 0.000
Ending Placer Task | Checksum: 11611aaf2

Time (s): cpu = 00:00:09 ; elapsed = 00:00:06 . Memory (MB): peak = 1457.227 ; gain = 0.000
INFO: [Common 17-83] Releasing license: Implementation
61 Infos, 42 Warnings, 0 Critical Warnings and 0 Errors encountered.
place_design completed successfully
place_design: Time (s): cpu = 00:00:10 ; elapsed = 00:00:07 . Memory (MB): peak = 1457.227 ; gain = 0.000
INFO: [Timing 38-480] Writing timing data to binary archive.
Writing placer database...
Writing XDEF routing.
Writing XDEF routing logical nets.
Writing XDEF routing special nets.
Write XDEF Complete: Time (s): cpu = 00:00:01 ; elapsed = 00:00:00.350 . Memory (MB): peak = 1457.227 ; gain = 0.000
INFO: [Common 17-1381] The checkpoint 'C:/01 - ELECTRONICA/Especializaciones/CESE/FPGA_projects/Gen_Onda_VIO_ILA.runs/impl_1/waveGenerator_VIO_ILA_placed.dcp' has been generated.
INFO: [runtcl-4] Executing : report_io -file waveGenerator_VIO_ILA_io_placed.rpt
report_io: Time (s): cpu = 00:00:00 ; elapsed = 00:00:00.053 . Memory (MB): peak = 1457.227 ; gain = 0.000
INFO: [runtcl-4] Executing : report_utilization -file waveGenerator_VIO_ILA_utilization_placed.rpt -pb waveGenerator_VIO_ILA_utilization_placed.pb
report_utilization: Time (s): cpu = 00:00:00 ; elapsed = 00:00:00.059 . Memory (MB): peak = 1457.227 ; gain = 0.000
INFO: [runtcl-4] Executing : report_control_sets -verbose -file waveGenerator_VIO_ILA_control_sets_placed.rpt
report_control_sets: Time (s): cpu = 00:00:00 ; elapsed = 00:00:00.024 . Memory (MB): peak = 1457.227 ; gain = 0.000
Command: route_design
Attempting to get a license for feature 'Implementation' and/or device 'xc7z010'
INFO: [Common 17-349] Got license for feature 'Implementation' and/or device 'xc7z010'
Running DRC as a precondition to command route_design
INFO: [DRC 23-27] Running DRC with 2 threads
INFO: [Vivado_Tcl 4-198] DRC finished with 0 Errors
INFO: [Vivado_Tcl 4-199] Please refer to the DRC report (report_drc) for more information.


Starting Routing Task
INFO: [Route 35-254] Multithreading enabled for route_design using a maximum of 2 CPUs
Checksum: PlaceDB: 3a371f38 ConstDB: 0 ShapeSum: dbda8bba RouteDB: 0

Phase 1 Build RT Design
Phase 1 Build RT Design | Checksum: f5a1e990

Time (s): cpu = 00:00:13 ; elapsed = 00:00:12 . Memory (MB): peak = 1457.227 ; gain = 0.000
Post Restoration Checksum: NetGraph: 24509e69 NumContArr: d1514b27 Constraints: 0 Timing: 0

Phase 2 Router Initialization

Phase 2.1 Create Timer
Phase 2.1 Create Timer | Checksum: f5a1e990

Time (s): cpu = 00:00:13 ; elapsed = 00:00:12 . Memory (MB): peak = 1457.227 ; gain = 0.000

Phase 2.2 Fix Topology Constraints
Phase 2.2 Fix Topology Constraints | Checksum: f5a1e990

Time (s): cpu = 00:00:13 ; elapsed = 00:00:12 . Memory (MB): peak = 1457.227 ; gain = 0.000

Phase 2.3 Pre Route Cleanup
Phase 2.3 Pre Route Cleanup | Checksum: f5a1e990

Time (s): cpu = 00:00:13 ; elapsed = 00:00:12 . Memory (MB): peak = 1457.227 ; gain = 0.000
 Number of Nodes with overlaps = 0

Phase 2.4 Update Timing
Phase 2.4 Update Timing | Checksum: 1682ff2ed

Time (s): cpu = 00:00:15 ; elapsed = 00:00:13 . Memory (MB): peak = 1457.227 ; gain = 0.000
INFO: [Route 35-416] Intermediate Timing Summary | WNS=28.086 | TNS=0.000  | WHS=-0.148 | THS=-18.061|

Phase 2 Router Initialization | Checksum: edddc3c8

Time (s): cpu = 00:00:15 ; elapsed = 00:00:13 . Memory (MB): peak = 1457.227 ; gain = 0.000

Phase 3 Initial Routing
Phase 3 Initial Routing | Checksum: dd5ba028

Time (s): cpu = 00:00:15 ; elapsed = 00:00:13 . Memory (MB): peak = 1457.227 ; gain = 0.000

Phase 4 Rip-up And Reroute

Phase 4.1 Global Iteration 0
 Number of Nodes with overlaps = 186
 Number of Nodes with overlaps = 0
INFO: [Route 35-416] Intermediate Timing Summary | WNS=27.224 | TNS=0.000  | WHS=N/A    | THS=N/A    |

Phase 4.1 Global Iteration 0 | Checksum: 1ae6ad7be

Time (s): cpu = 00:00:16 ; elapsed = 00:00:14 . Memory (MB): peak = 1457.227 ; gain = 0.000

Phase 4.2 Global Iteration 1
 Number of Nodes with overlaps = 2
 Number of Nodes with overlaps = 0
INFO: [Route 35-416] Intermediate Timing Summary | WNS=27.224 | TNS=0.000  | WHS=N/A    | THS=N/A    |

Phase 4.2 Global Iteration 1 | Checksum: 17e30ddce

Time (s): cpu = 00:00:17 ; elapsed = 00:00:14 . Memory (MB): peak = 1457.227 ; gain = 0.000
Phase 4 Rip-up And Reroute | Checksum: 17e30ddce

Time (s): cpu = 00:00:17 ; elapsed = 00:00:14 . Memory (MB): peak = 1457.227 ; gain = 0.000

Phase 5 Delay and Skew Optimization

Phase 5.1 Delay CleanUp
Phase 5.1 Delay CleanUp | Checksum: 17e30ddce

Time (s): cpu = 00:00:17 ; elapsed = 00:00:14 . Memory (MB): peak = 1457.227 ; gain = 0.000

Phase 5.2 Clock Skew Optimization
Phase 5.2 Clock Skew Optimization | Checksum: 17e30ddce

Time (s): cpu = 00:00:17 ; elapsed = 00:00:14 . Memory (MB): peak = 1457.227 ; gain = 0.000
Phase 5 Delay and Skew Optimization | Checksum: 17e30ddce

Time (s): cpu = 00:00:17 ; elapsed = 00:00:14 . Memory (MB): peak = 1457.227 ; gain = 0.000

Phase 6 Post Hold Fix

Phase 6.1 Hold Fix Iter

Phase 6.1.1 Update Timing
Phase 6.1.1 Update Timing | Checksum: 1878d1c64

Time (s): cpu = 00:00:17 ; elapsed = 00:00:14 . Memory (MB): peak = 1457.227 ; gain = 0.000
INFO: [Route 35-416] Intermediate Timing Summary | WNS=27.375 | TNS=0.000  | WHS=0.085  | THS=0.000  |

Phase 6.1 Hold Fix Iter | Checksum: 14bbf9d87

Time (s): cpu = 00:00:17 ; elapsed = 00:00:14 . Memory (MB): peak = 1457.227 ; gain = 0.000
Phase 6 Post Hold Fix | Checksum: 14bbf9d87

Time (s): cpu = 00:00:17 ; elapsed = 00:00:14 . Memory (MB): peak = 1457.227 ; gain = 0.000

Phase 7 Route finalize

Router Utilization Summary
  Global Vertical Routing Utilization    = 1.07334 %
  Global Horizontal Routing Utilization  = 1.57812 %
  Routable Net Status*
  *Does not include unroutable nets such as driverless and loadless.
  Run report_route_status for detailed report.
  Number of Failed Nets               = 0
  Number of Unrouted Nets             = 0
  Number of Partially Routed Nets     = 0
  Number of Node Overlaps             = 0

Phase 7 Route finalize | Checksum: 1f24c7825

Time (s): cpu = 00:00:17 ; elapsed = 00:00:14 . Memory (MB): peak = 1457.227 ; gain = 0.000

Phase 8 Verifying routed nets

 Verification completed successfully
Phase 8 Verifying routed nets | Checksum: 1f24c7825

Time (s): cpu = 00:00:17 ; elapsed = 00:00:14 . Memory (MB): peak = 1457.227 ; gain = 0.000

Phase 9 Depositing Routes
Phase 9 Depositing Routes | Checksum: 1e792666f

Time (s): cpu = 00:00:17 ; elapsed = 00:00:14 . Memory (MB): peak = 1457.227 ; gain = 0.000

Phase 10 Post Router Timing
INFO: [Route 35-57] Estimated Timing Summary | WNS=27.375 | TNS=0.000  | WHS=0.085  | THS=0.000  |

INFO: [Route 35-327] The final timing numbers are based on the router estimated timing analysis. For a complete and accurate timing signoff, please run report_timing_summary.
Phase 10 Post Router Timing | Checksum: 1e792666f

Time (s): cpu = 00:00:17 ; elapsed = 00:00:14 . Memory (MB): peak = 1457.227 ; gain = 0.000
INFO: [Route 35-16] Router Completed Successfully

Time (s): cpu = 00:00:17 ; elapsed = 00:00:14 . Memory (MB): peak = 1457.227 ; gain = 0.000

Routing Is Done.
INFO: [Common 17-83] Releasing license: Implementation
79 Infos, 42 Warnings, 0 Critical Warnings and 0 Errors encountered.
route_design completed successfully
route_design: Time (s): cpu = 00:00:19 ; elapsed = 00:00:15 . Memory (MB): peak = 1457.227 ; gain = 0.000
INFO: [Timing 38-480] Writing timing data to binary archive.
Writing placer database...
Writing XDEF routing.
Writing XDEF routing logical nets.
Writing XDEF routing special nets.
Write XDEF Complete: Time (s): cpu = 00:00:02 ; elapsed = 00:00:00.421 . Memory (MB): peak = 1457.227 ; gain = 0.000
INFO: [Common 17-1381] The checkpoint 'C:/01 - ELECTRONICA/Especializaciones/CESE/FPGA_projects/Gen_Onda_VIO_ILA.runs/impl_1/waveGenerator_VIO_ILA_routed.dcp' has been generated.
INFO: [runtcl-4] Executing : report_drc -file waveGenerator_VIO_ILA_drc_routed.rpt -pb waveGenerator_VIO_ILA_drc_routed.pb -rpx waveGenerator_VIO_ILA_drc_routed.rpx
Command: report_drc -file waveGenerator_VIO_ILA_drc_routed.rpt -pb waveGenerator_VIO_ILA_drc_routed.pb -rpx waveGenerator_VIO_ILA_drc_routed.rpx
INFO: [IP_Flow 19-1839] IP Catalog is up to date.
INFO: [DRC 23-27] Running DRC with 2 threads
INFO: [Coretcl 2-168] The results of DRC are in file C:/01 - ELECTRONICA/Especializaciones/CESE/FPGA_projects/Gen_Onda_VIO_ILA.runs/impl_1/waveGenerator_VIO_ILA_drc_routed.rpt.
report_drc completed successfully
INFO: [runtcl-4] Executing : report_methodology -file waveGenerator_VIO_ILA_methodology_drc_routed.rpt -pb waveGenerator_VIO_ILA_methodology_drc_routed.pb -rpx waveGenerator_VIO_ILA_methodology_drc_routed.rpx
Command: report_methodology -file waveGenerator_VIO_ILA_methodology_drc_routed.rpt -pb waveGenerator_VIO_ILA_methodology_drc_routed.pb -rpx waveGenerator_VIO_ILA_methodology_drc_routed.rpx
INFO: [Timing 38-35] Done setting XDC timing constraints.
INFO: [Timing 38-35] Done setting XDC timing constraints.
INFO: [DRC 23-133] Running Methodology with 2 threads
INFO: [Coretcl 2-1520] The results of Report Methodology are in file C:/01 - ELECTRONICA/Especializaciones/CESE/FPGA_projects/Gen_Onda_VIO_ILA.runs/impl_1/waveGenerator_VIO_ILA_methodology_drc_routed.rpt.
report_methodology completed successfully
INFO: [runtcl-4] Executing : report_power -file waveGenerator_VIO_ILA_power_routed.rpt -pb waveGenerator_VIO_ILA_power_summary_routed.pb -rpx waveGenerator_VIO_ILA_power_routed.rpx
Command: report_power -file waveGenerator_VIO_ILA_power_routed.rpt -pb waveGenerator_VIO_ILA_power_summary_routed.pb -rpx waveGenerator_VIO_ILA_power_routed.rpx
INFO: [Timing 38-35] Done setting XDC timing constraints.
Running Vector-less Activity Propagation...

Finished Running Vector-less Activity Propagation
92 Infos, 42 Warnings, 0 Critical Warnings and 0 Errors encountered.
report_power completed successfully
INFO: [runtcl-4] Executing : report_route_status -file waveGenerator_VIO_ILA_route_status.rpt -pb waveGenerator_VIO_ILA_route_status.pb
INFO: [runtcl-4] Executing : report_timing_summary -max_paths 10 -file waveGenerator_VIO_ILA_timing_summary_routed.rpt -pb waveGenerator_VIO_ILA_timing_summary_routed.pb -rpx waveGenerator_VIO_ILA_timing_summary_routed.rpx -warn_on_violation 
INFO: [Timing 38-91] UpdateTimingParams: Speed grade: -1, Delay Type: min_max, Timing Stage: Requireds.
INFO: [Timing 38-191] Multithreading enabled for timing update using a maximum of 2 CPUs
INFO: [runtcl-4] Executing : report_incremental_reuse -file waveGenerator_VIO_ILA_incremental_reuse_routed.rpt
INFO: [Vivado_Tcl 4-545] No incremental reuse to report, no incremental placement and routing data was found.
INFO: [runtcl-4] Executing : report_clock_utilization -file waveGenerator_VIO_ILA_clock_utilization_routed.rpt
INFO: [runtcl-4] Executing : report_bus_skew -warn_on_violation -file route_report_bus_skew_0.rpt -rpx route_report_bus_skew_0.rpx
INFO: [Timing 38-91] UpdateTimingParams: Speed grade: -1, Delay Type: min_max, Timing Stage: Requireds.
INFO: [Timing 38-191] Multithreading enabled for timing update using a maximum of 2 CPUs
Command: write_bitstream -force waveGenerator_VIO_ILA.bit
Attempting to get a license for feature 'Implementation' and/or device 'xc7z010'
INFO: [Common 17-349] Got license for feature 'Implementation' and/or device 'xc7z010'
Running DRC as a precondition to command write_bitstream
INFO: [IP_Flow 19-1839] IP Catalog is up to date.
INFO: [DRC 23-27] Running DRC with 2 threads
WARNING: [DRC CHECK-3] Report rule limit reached: REQP-1839 rule limit reached: 20 violations have been found.
WARNING: [DRC CHECK-3] Report rule limit reached: REQP-1840 rule limit reached: 20 violations have been found.
WARNING: [DRC REQP-1839] RAMB36 async control check: The RAMB36E1 waveGenerator_inst/rom/o_cos_reg_0 has an input control pin waveGenerator_inst/rom/o_cos_reg_0/ADDRARDADDR[10] (net: waveGenerator_inst/rom/nco_out_reg_rep[11]__0[7]) which is driven by a register (waveGenerator_inst/nco_out_reg_rep[7]__0) that has an active asychronous set or reset. This may cause corruption of the memory contents and/or read values when the set/reset is asserted and is not analyzed by the default static timing analysis. It is suggested to eliminate the use of a set/reset to registers driving this RAMB pin or else use a synchronous reset in which the assertion of the reset is timed by default.
WARNING: [DRC REQP-1839] RAMB36 async control check: The RAMB36E1 waveGenerator_inst/rom/o_cos_reg_0 has an input control pin waveGenerator_inst/rom/o_cos_reg_0/ADDRARDADDR[11] (net: waveGenerator_inst/rom/nco_out_reg_rep[11]__0[8]) which is driven by a register (waveGenerator_inst/nco_out_reg_rep[8]__0) that has an active asychronous set or reset. This may cause corruption of the memory contents and/or read values when the set/reset is asserted and is not analyzed by the default static timing analysis. It is suggested to eliminate the use of a set/reset to registers driving this RAMB pin or else use a synchronous reset in which the assertion of the reset is timed by default.
WARNING: [DRC REQP-1839] RAMB36 async control check: The RAMB36E1 waveGenerator_inst/rom/o_cos_reg_0 has an input control pin waveGenerator_inst/rom/o_cos_reg_0/ADDRARDADDR[12] (net: waveGenerator_inst/rom/nco_out_reg_rep[11]__0[9]) which is driven by a register (waveGenerator_inst/nco_out_reg_rep[9]__0) that has an active asychronous set or reset. This may cause corruption of the memory contents and/or read values when the set/reset is asserted and is not analyzed by the default static timing analysis. It is suggested to eliminate the use of a set/reset to registers driving this RAMB pin or else use a synchronous reset in which the assertion of the reset is timed by default.
WARNING: [DRC REQP-1839] RAMB36 async control check: The RAMB36E1 waveGenerator_inst/rom/o_cos_reg_0 has an input control pin waveGenerator_inst/rom/o_cos_reg_0/ADDRARDADDR[13] (net: waveGenerator_inst/rom/nco_out_reg_rep[11]__0[10]) which is driven by a register (waveGenerator_inst/nco_out_reg_rep[10]__0) that has an active asychronous set or reset. This may cause corruption of the memory contents and/or read values when the set/reset is asserted and is not analyzed by the default static timing analysis. It is suggested to eliminate the use of a set/reset to registers driving this RAMB pin or else use a synchronous reset in which the assertion of the reset is timed by default.
WARNING: [DRC REQP-1839] RAMB36 async control check: The RAMB36E1 waveGenerator_inst/rom/o_cos_reg_0 has an input control pin waveGenerator_inst/rom/o_cos_reg_0/ADDRARDADDR[14] (net: waveGenerator_inst/rom/nco_out_reg_rep[11]__0[11]) which is driven by a register (waveGenerator_inst/nco_out_reg_rep[11]__0) that has an active asychronous set or reset. This may cause corruption of the memory contents and/or read values when the set/reset is asserted and is not analyzed by the default static timing analysis. It is suggested to eliminate the use of a set/reset to registers driving this RAMB pin or else use a synchronous reset in which the assertion of the reset is timed by default.
WARNING: [DRC REQP-1839] RAMB36 async control check: The RAMB36E1 waveGenerator_inst/rom/o_cos_reg_0 has an input control pin waveGenerator_inst/rom/o_cos_reg_0/ADDRARDADDR[3] (net: waveGenerator_inst/rom/nco_out_reg_rep[11]__0[0]) which is driven by a register (waveGenerator_inst/nco_out_reg_rep[0]__0) that has an active asychronous set or reset. This may cause corruption of the memory contents and/or read values when the set/reset is asserted and is not analyzed by the default static timing analysis. It is suggested to eliminate the use of a set/reset to registers driving this RAMB pin or else use a synchronous reset in which the assertion of the reset is timed by default.
WARNING: [DRC REQP-1839] RAMB36 async control check: The RAMB36E1 waveGenerator_inst/rom/o_cos_reg_0 has an input control pin waveGenerator_inst/rom/o_cos_reg_0/ADDRARDADDR[4] (net: waveGenerator_inst/rom/nco_out_reg_rep[11]__0[1]) which is driven by a register (waveGenerator_inst/nco_out_reg_rep[1]__0) that has an active asychronous set or reset. This may cause corruption of the memory contents and/or read values when the set/reset is asserted and is not analyzed by the default static timing analysis. It is suggested to eliminate the use of a set/reset to registers driving this RAMB pin or else use a synchronous reset in which the assertion of the reset is timed by default.
WARNING: [DRC REQP-1839] RAMB36 async control check: The RAMB36E1 waveGenerator_inst/rom/o_cos_reg_0 has an input control pin waveGenerator_inst/rom/o_cos_reg_0/ADDRARDADDR[5] (net: waveGenerator_inst/rom/nco_out_reg_rep[11]__0[2]) which is driven by a register (waveGenerator_inst/nco_out_reg_rep[2]__0) that has an active asychronous set or reset. This may cause corruption of the memory contents and/or read values when the set/reset is asserted and is not analyzed by the default static timing analysis. It is suggested to eliminate the use of a set/reset to registers driving this RAMB pin or else use a synchronous reset in which the assertion of the reset is timed by default.
WARNING: [DRC REQP-1839] RAMB36 async control check: The RAMB36E1 waveGenerator_inst/rom/o_cos_reg_0 has an input control pin waveGenerator_inst/rom/o_cos_reg_0/ADDRARDADDR[6] (net: waveGenerator_inst/rom/nco_out_reg_rep[11]__0[3]) which is driven by a register (waveGenerator_inst/nco_out_reg_rep[3]__0) that has an active asychronous set or reset. This may cause corruption of the memory contents and/or read values when the set/reset is asserted and is not analyzed by the default static timing analysis. It is suggested to eliminate the use of a set/reset to registers driving this RAMB pin or else use a synchronous reset in which the assertion of the reset is timed by default.
WARNING: [DRC REQP-1839] RAMB36 async control check: The RAMB36E1 waveGenerator_inst/rom/o_cos_reg_0 has an input control pin waveGenerator_inst/rom/o_cos_reg_0/ADDRARDADDR[7] (net: waveGenerator_inst/rom/nco_out_reg_rep[11]__0[4]) which is driven by a register (waveGenerator_inst/nco_out_reg_rep[4]__0) that has an active asychronous set or reset. This may cause corruption of the memory contents and/or read values when the set/reset is asserted and is not analyzed by the default static timing analysis. It is suggested to eliminate the use of a set/reset to registers driving this RAMB pin or else use a synchronous reset in which the assertion of the reset is timed by default.
WARNING: [DRC REQP-1839] RAMB36 async control check: The RAMB36E1 waveGenerator_inst/rom/o_cos_reg_0 has an input control pin waveGenerator_inst/rom/o_cos_reg_0/ADDRARDADDR[8] (net: waveGenerator_inst/rom/nco_out_reg_rep[11]__0[5]) which is driven by a register (waveGenerator_inst/nco_out_reg_rep[5]__0) that has an active asychronous set or reset. This may cause corruption of the memory contents and/or read values when the set/reset is asserted and is not analyzed by the default static timing analysis. It is suggested to eliminate the use of a set/reset to registers driving this RAMB pin or else use a synchronous reset in which the assertion of the reset is timed by default.
WARNING: [DRC REQP-1839] RAMB36 async control check: The RAMB36E1 waveGenerator_inst/rom/o_cos_reg_0 has an input control pin waveGenerator_inst/rom/o_cos_reg_0/ADDRARDADDR[9] (net: waveGenerator_inst/rom/nco_out_reg_rep[11]__0[6]) which is driven by a register (waveGenerator_inst/nco_out_reg_rep[6]__0) that has an active asychronous set or reset. This may cause corruption of the memory contents and/or read values when the set/reset is asserted and is not analyzed by the default static timing analysis. It is suggested to eliminate the use of a set/reset to registers driving this RAMB pin or else use a synchronous reset in which the assertion of the reset is timed by default.
WARNING: [DRC REQP-1839] RAMB36 async control check: The RAMB36E1 waveGenerator_inst/rom/o_sin_reg_0 has an input control pin waveGenerator_inst/rom/o_sin_reg_0/ADDRARDADDR[10] (net: waveGenerator_inst/rom/Q[7]) which is driven by a register (waveGenerator_inst/nco_out_reg_rep[7]) that has an active asychronous set or reset. This may cause corruption of the memory contents and/or read values when the set/reset is asserted and is not analyzed by the default static timing analysis. It is suggested to eliminate the use of a set/reset to registers driving this RAMB pin or else use a synchronous reset in which the assertion of the reset is timed by default.
WARNING: [DRC REQP-1839] RAMB36 async control check: The RAMB36E1 waveGenerator_inst/rom/o_sin_reg_0 has an input control pin waveGenerator_inst/rom/o_sin_reg_0/ADDRARDADDR[11] (net: waveGenerator_inst/rom/Q[8]) which is driven by a register (waveGenerator_inst/nco_out_reg_rep[8]) that has an active asychronous set or reset. This may cause corruption of the memory contents and/or read values when the set/reset is asserted and is not analyzed by the default static timing analysis. It is suggested to eliminate the use of a set/reset to registers driving this RAMB pin or else use a synchronous reset in which the assertion of the reset is timed by default.
WARNING: [DRC REQP-1839] RAMB36 async control check: The RAMB36E1 waveGenerator_inst/rom/o_sin_reg_0 has an input control pin waveGenerator_inst/rom/o_sin_reg_0/ADDRARDADDR[12] (net: waveGenerator_inst/rom/Q[9]) which is driven by a register (waveGenerator_inst/nco_out_reg_rep[9]) that has an active asychronous set or reset. This may cause corruption of the memory contents and/or read values when the set/reset is asserted and is not analyzed by the default static timing analysis. It is suggested to eliminate the use of a set/reset to registers driving this RAMB pin or else use a synchronous reset in which the assertion of the reset is timed by default.
WARNING: [DRC REQP-1839] RAMB36 async control check: The RAMB36E1 waveGenerator_inst/rom/o_sin_reg_0 has an input control pin waveGenerator_inst/rom/o_sin_reg_0/ADDRARDADDR[13] (net: waveGenerator_inst/rom/Q[10]) which is driven by a register (waveGenerator_inst/nco_out_reg_rep[10]) that has an active asychronous set or reset. This may cause corruption of the memory contents and/or read values when the set/reset is asserted and is not analyzed by the default static timing analysis. It is suggested to eliminate the use of a set/reset to registers driving this RAMB pin or else use a synchronous reset in which the assertion of the reset is timed by default.
WARNING: [DRC REQP-1839] RAMB36 async control check: The RAMB36E1 waveGenerator_inst/rom/o_sin_reg_0 has an input control pin waveGenerator_inst/rom/o_sin_reg_0/ADDRARDADDR[14] (net: waveGenerator_inst/rom/Q[11]) which is driven by a register (waveGenerator_inst/nco_out_reg_rep[11]) that has an active asychronous set or reset. This may cause corruption of the memory contents and/or read values when the set/reset is asserted and is not analyzed by the default static timing analysis. It is suggested to eliminate the use of a set/reset to registers driving this RAMB pin or else use a synchronous reset in which the assertion of the reset is timed by default.
WARNING: [DRC REQP-1839] RAMB36 async control check: The RAMB36E1 waveGenerator_inst/rom/o_sin_reg_0 has an input control pin waveGenerator_inst/rom/o_sin_reg_0/ADDRARDADDR[7] (net: waveGenerator_inst/rom/Q[4]) which is driven by a register (waveGenerator_inst/nco_out_reg_rep[4]) that has an active asychronous set or reset. This may cause corruption of the memory contents and/or read values when the set/reset is asserted and is not analyzed by the default static timing analysis. It is suggested to eliminate the use of a set/reset to registers driving this RAMB pin or else use a synchronous reset in which the assertion of the reset is timed by default.
WARNING: [DRC REQP-1839] RAMB36 async control check: The RAMB36E1 waveGenerator_inst/rom/o_sin_reg_0 has an input control pin waveGenerator_inst/rom/o_sin_reg_0/ADDRARDADDR[8] (net: waveGenerator_inst/rom/Q[5]) which is driven by a register (waveGenerator_inst/nco_out_reg_rep[5]) that has an active asychronous set or reset. This may cause corruption of the memory contents and/or read values when the set/reset is asserted and is not analyzed by the default static timing analysis. It is suggested to eliminate the use of a set/reset to registers driving this RAMB pin or else use a synchronous reset in which the assertion of the reset is timed by default.
WARNING: [DRC REQP-1839] RAMB36 async control check: The RAMB36E1 waveGenerator_inst/rom/o_sin_reg_0 has an input control pin waveGenerator_inst/rom/o_sin_reg_0/ADDRARDADDR[9] (net: waveGenerator_inst/rom/Q[6]) which is driven by a register (waveGenerator_inst/nco_out_reg_rep[6]) that has an active asychronous set or reset. This may cause corruption of the memory contents and/or read values when the set/reset is asserted and is not analyzed by the default static timing analysis. It is suggested to eliminate the use of a set/reset to registers driving this RAMB pin or else use a synchronous reset in which the assertion of the reset is timed by default.
WARNING: [DRC REQP-1840] RAMB18 async control check: The RAMB18E1 waveGenerator_inst/rom/o_cos_reg_1 has an input control pin waveGenerator_inst/rom/o_cos_reg_1/ADDRARDADDR[10] (net: waveGenerator_inst/rom/nco_out_reg_rep[11]__0[8]) which is driven by a register (waveGenerator_inst/nco_out_reg_rep[8]__0) that has an active asychronous set or reset. This may cause corruption of the memory contents and/or read values when the set/reset is asserted and is not analyzed by the default static timing analysis. It is suggested to eliminate the use of a set/reset to registers driving this RAMB pin or else use a synchronous reset in which the assertion of the reset is timed by default.
WARNING: [DRC REQP-1840] RAMB18 async control check: The RAMB18E1 waveGenerator_inst/rom/o_cos_reg_1 has an input control pin waveGenerator_inst/rom/o_cos_reg_1/ADDRARDADDR[11] (net: waveGenerator_inst/rom/nco_out_reg_rep[11]__0[9]) which is driven by a register (waveGenerator_inst/nco_out_reg_rep[9]__0) that has an active asychronous set or reset. This may cause corruption of the memory contents and/or read values when the set/reset is asserted and is not analyzed by the default static timing analysis. It is suggested to eliminate the use of a set/reset to registers driving this RAMB pin or else use a synchronous reset in which the assertion of the reset is timed by default.
WARNING: [DRC REQP-1840] RAMB18 async control check: The RAMB18E1 waveGenerator_inst/rom/o_cos_reg_1 has an input control pin waveGenerator_inst/rom/o_cos_reg_1/ADDRARDADDR[12] (net: waveGenerator_inst/rom/nco_out_reg_rep[11]__0[10]) which is driven by a register (waveGenerator_inst/nco_out_reg_rep[10]__0) that has an active asychronous set or reset. This may cause corruption of the memory contents and/or read values when the set/reset is asserted and is not analyzed by the default static timing analysis. It is suggested to eliminate the use of a set/reset to registers driving this RAMB pin or else use a synchronous reset in which the assertion of the reset is timed by default.
WARNING: [DRC REQP-1840] RAMB18 async control check: The RAMB18E1 waveGenerator_inst/rom/o_cos_reg_1 has an input control pin waveGenerator_inst/rom/o_cos_reg_1/ADDRARDADDR[13] (net: waveGenerator_inst/rom/nco_out_reg_rep[11]__0[11]) which is driven by a register (waveGenerator_inst/nco_out_reg_rep[11]__0) that has an active asychronous set or reset. This may cause corruption of the memory contents and/or read values when the set/reset is asserted and is not analyzed by the default static timing analysis. It is suggested to eliminate the use of a set/reset to registers driving this RAMB pin or else use a synchronous reset in which the assertion of the reset is timed by default.
WARNING: [DRC REQP-1840] RAMB18 async control check: The RAMB18E1 waveGenerator_inst/rom/o_cos_reg_1 has an input control pin waveGenerator_inst/rom/o_cos_reg_1/ADDRARDADDR[2] (net: waveGenerator_inst/rom/nco_out_reg_rep[11]__0[0]) which is driven by a register (waveGenerator_inst/nco_out_reg_rep[0]__0) that has an active asychronous set or reset. This may cause corruption of the memory contents and/or read values when the set/reset is asserted and is not analyzed by the default static timing analysis. It is suggested to eliminate the use of a set/reset to registers driving this RAMB pin or else use a synchronous reset in which the assertion of the reset is timed by default.
WARNING: [DRC REQP-1840] RAMB18 async control check: The RAMB18E1 waveGenerator_inst/rom/o_cos_reg_1 has an input control pin waveGenerator_inst/rom/o_cos_reg_1/ADDRARDADDR[3] (net: waveGenerator_inst/rom/nco_out_reg_rep[11]__0[1]) which is driven by a register (waveGenerator_inst/nco_out_reg_rep[1]__0) that has an active asychronous set or reset. This may cause corruption of the memory contents and/or read values when the set/reset is asserted and is not analyzed by the default static timing analysis. It is suggested to eliminate the use of a set/reset to registers driving this RAMB pin or else use a synchronous reset in which the assertion of the reset is timed by default.
WARNING: [DRC REQP-1840] RAMB18 async control check: The RAMB18E1 waveGenerator_inst/rom/o_cos_reg_1 has an input control pin waveGenerator_inst/rom/o_cos_reg_1/ADDRARDADDR[4] (net: waveGenerator_inst/rom/nco_out_reg_rep[11]__0[2]) which is driven by a register (waveGenerator_inst/nco_out_reg_rep[2]__0) that has an active asychronous set or reset. This may cause corruption of the memory contents and/or read values when the set/reset is asserted and is not analyzed by the default static timing analysis. It is suggested to eliminate the use of a set/reset to registers driving this RAMB pin or else use a synchronous reset in which the assertion of the reset is timed by default.
WARNING: [DRC REQP-1840] RAMB18 async control check: The RAMB18E1 waveGenerator_inst/rom/o_cos_reg_1 has an input control pin waveGenerator_inst/rom/o_cos_reg_1/ADDRARDADDR[5] (net: waveGenerator_inst/rom/nco_out_reg_rep[11]__0[3]) which is driven by a register (waveGenerator_inst/nco_out_reg_rep[3]__0) that has an active asychronous set or reset. This may cause corruption of the memory contents and/or read values when the set/reset is asserted and is not analyzed by the default static timing analysis. It is suggested to eliminate the use of a set/reset to registers driving this RAMB pin or else use a synchronous reset in which the assertion of the reset is timed by default.
WARNING: [DRC REQP-1840] RAMB18 async control check: The RAMB18E1 waveGenerator_inst/rom/o_cos_reg_1 has an input control pin waveGenerator_inst/rom/o_cos_reg_1/ADDRARDADDR[6] (net: waveGenerator_inst/rom/nco_out_reg_rep[11]__0[4]) which is driven by a register (waveGenerator_inst/nco_out_reg_rep[4]__0) that has an active asychronous set or reset. This may cause corruption of the memory contents and/or read values when the set/reset is asserted and is not analyzed by the default static timing analysis. It is suggested to eliminate the use of a set/reset to registers driving this RAMB pin or else use a synchronous reset in which the assertion of the reset is timed by default.
WARNING: [DRC REQP-1840] RAMB18 async control check: The RAMB18E1 waveGenerator_inst/rom/o_cos_reg_1 has an input control pin waveGenerator_inst/rom/o_cos_reg_1/ADDRARDADDR[7] (net: waveGenerator_inst/rom/nco_out_reg_rep[11]__0[5]) which is driven by a register (waveGenerator_inst/nco_out_reg_rep[5]__0) that has an active asychronous set or reset. This may cause corruption of the memory contents and/or read values when the set/reset is asserted and is not analyzed by the default static timing analysis. It is suggested to eliminate the use of a set/reset to registers driving this RAMB pin or else use a synchronous reset in which the assertion of the reset is timed by default.
WARNING: [DRC REQP-1840] RAMB18 async control check: The RAMB18E1 waveGenerator_inst/rom/o_cos_reg_1 has an input control pin waveGenerator_inst/rom/o_cos_reg_1/ADDRARDADDR[8] (net: waveGenerator_inst/rom/nco_out_reg_rep[11]__0[6]) which is driven by a register (waveGenerator_inst/nco_out_reg_rep[6]__0) that has an active asychronous set or reset. This may cause corruption of the memory contents and/or read values when the set/reset is asserted and is not analyzed by the default static timing analysis. It is suggested to eliminate the use of a set/reset to registers driving this RAMB pin or else use a synchronous reset in which the assertion of the reset is timed by default.
WARNING: [DRC REQP-1840] RAMB18 async control check: The RAMB18E1 waveGenerator_inst/rom/o_cos_reg_1 has an input control pin waveGenerator_inst/rom/o_cos_reg_1/ADDRARDADDR[9] (net: waveGenerator_inst/rom/nco_out_reg_rep[11]__0[7]) which is driven by a register (waveGenerator_inst/nco_out_reg_rep[7]__0) that has an active asychronous set or reset. This may cause corruption of the memory contents and/or read values when the set/reset is asserted and is not analyzed by the default static timing analysis. It is suggested to eliminate the use of a set/reset to registers driving this RAMB pin or else use a synchronous reset in which the assertion of the reset is timed by default.
WARNING: [DRC REQP-1840] RAMB18 async control check: The RAMB18E1 waveGenerator_inst/rom/o_sin_reg_1 has an input control pin waveGenerator_inst/rom/o_sin_reg_1/ADDRARDADDR[10] (net: waveGenerator_inst/rom/Q[8]) which is driven by a register (waveGenerator_inst/nco_out_reg_rep[8]) that has an active asychronous set or reset. This may cause corruption of the memory contents and/or read values when the set/reset is asserted and is not analyzed by the default static timing analysis. It is suggested to eliminate the use of a set/reset to registers driving this RAMB pin or else use a synchronous reset in which the assertion of the reset is timed by default.
WARNING: [DRC REQP-1840] RAMB18 async control check: The RAMB18E1 waveGenerator_inst/rom/o_sin_reg_1 has an input control pin waveGenerator_inst/rom/o_sin_reg_1/ADDRARDADDR[11] (net: waveGenerator_inst/rom/Q[9]) which is driven by a register (waveGenerator_inst/nco_out_reg_rep[9]) that has an active asychronous set or reset. This may cause corruption of the memory contents and/or read values when the set/reset is asserted and is not analyzed by the default static timing analysis. It is suggested to eliminate the use of a set/reset to registers driving this RAMB pin or else use a synchronous reset in which the assertion of the reset is timed by default.
WARNING: [DRC REQP-1840] RAMB18 async control check: The RAMB18E1 waveGenerator_inst/rom/o_sin_reg_1 has an input control pin waveGenerator_inst/rom/o_sin_reg_1/ADDRARDADDR[12] (net: waveGenerator_inst/rom/Q[10]) which is driven by a register (waveGenerator_inst/nco_out_reg_rep[10]) that has an active asychronous set or reset. This may cause corruption of the memory contents and/or read values when the set/reset is asserted and is not analyzed by the default static timing analysis. It is suggested to eliminate the use of a set/reset to registers driving this RAMB pin or else use a synchronous reset in which the assertion of the reset is timed by default.
WARNING: [DRC REQP-1840] RAMB18 async control check: The RAMB18E1 waveGenerator_inst/rom/o_sin_reg_1 has an input control pin waveGenerator_inst/rom/o_sin_reg_1/ADDRARDADDR[13] (net: waveGenerator_inst/rom/Q[11]) which is driven by a register (waveGenerator_inst/nco_out_reg_rep[11]) that has an active asychronous set or reset. This may cause corruption of the memory contents and/or read values when the set/reset is asserted and is not analyzed by the default static timing analysis. It is suggested to eliminate the use of a set/reset to registers driving this RAMB pin or else use a synchronous reset in which the assertion of the reset is timed by default.
WARNING: [DRC REQP-1840] RAMB18 async control check: The RAMB18E1 waveGenerator_inst/rom/o_sin_reg_1 has an input control pin waveGenerator_inst/rom/o_sin_reg_1/ADDRARDADDR[6] (net: waveGenerator_inst/rom/Q[4]) which is driven by a register (waveGenerator_inst/nco_out_reg_rep[4]) that has an active asychronous set or reset. This may cause corruption of the memory contents and/or read values when the set/reset is asserted and is not analyzed by the default static timing analysis. It is suggested to eliminate the use of a set/reset to registers driving this RAMB pin or else use a synchronous reset in which the assertion of the reset is timed by default.
WARNING: [DRC REQP-1840] RAMB18 async control check: The RAMB18E1 waveGenerator_inst/rom/o_sin_reg_1 has an input control pin waveGenerator_inst/rom/o_sin_reg_1/ADDRARDADDR[7] (net: waveGenerator_inst/rom/Q[5]) which is driven by a register (waveGenerator_inst/nco_out_reg_rep[5]) that has an active asychronous set or reset. This may cause corruption of the memory contents and/or read values when the set/reset is asserted and is not analyzed by the default static timing analysis. It is suggested to eliminate the use of a set/reset to registers driving this RAMB pin or else use a synchronous reset in which the assertion of the reset is timed by default.
WARNING: [DRC REQP-1840] RAMB18 async control check: The RAMB18E1 waveGenerator_inst/rom/o_sin_reg_1 has an input control pin waveGenerator_inst/rom/o_sin_reg_1/ADDRARDADDR[8] (net: waveGenerator_inst/rom/Q[6]) which is driven by a register (waveGenerator_inst/nco_out_reg_rep[6]) that has an active asychronous set or reset. This may cause corruption of the memory contents and/or read values when the set/reset is asserted and is not analyzed by the default static timing analysis. It is suggested to eliminate the use of a set/reset to registers driving this RAMB pin or else use a synchronous reset in which the assertion of the reset is timed by default.
WARNING: [DRC REQP-1840] RAMB18 async control check: The RAMB18E1 waveGenerator_inst/rom/o_sin_reg_1 has an input control pin waveGenerator_inst/rom/o_sin_reg_1/ADDRARDADDR[9] (net: waveGenerator_inst/rom/Q[7]) which is driven by a register (waveGenerator_inst/nco_out_reg_rep[7]) that has an active asychronous set or reset. This may cause corruption of the memory contents and/or read values when the set/reset is asserted and is not analyzed by the default static timing analysis. It is suggested to eliminate the use of a set/reset to registers driving this RAMB pin or else use a synchronous reset in which the assertion of the reset is timed by default.
WARNING: [DRC RTSTAT-10] No routable loads: 21 net(s) have no routable loads. The problem bus(es) and/or net(s) are dbg_hub/inst/BSCANID.u_xsdbm_id/CORE_XSDB.UUT_MASTER/U_ICON_INTERFACE/U_CMD6_RD/U_RD_FIFO/SUBCORE_FIFO.xsdbm_v3_0_0_rdfifo_inst/inst_fifo_gen/gconvfifo.rf/grf.rf/gntv_or_sync_fifo.gl0.rd/gr1.gr1_int.rfwft/aempty_fwft_i, dbg_hub/inst/BSCANID.u_xsdbm_id/CORE_XSDB.UUT_MASTER/U_ICON_INTERFACE/U_CMD7_CTL/ctl_reg[2:0], dbg_hub/inst/BSCANID.u_xsdbm_id/CORE_XSDB.UUT_MASTER/U_ICON_INTERFACE/U_CMD1/ctl_reg_en_2[1], dbg_hub/inst/BSCANID.u_xsdbm_id/CORE_XSDB.UUT_MASTER/U_ICON_INTERFACE/U_CMD7_CTL/ctl_reg_en_2[1], dbg_hub/inst/BSCANID.u_xsdbm_id/SWITCH_N_EXT_BSCAN.bscan_switch/m_bscan_capture[0], dbg_hub/inst/BSCANID.u_xsdbm_id/SWITCH_N_EXT_BSCAN.bscan_switch/m_bscan_drck[0], dbg_hub/inst/BSCANID.u_xsdbm_id/SWITCH_N_EXT_BSCAN.bscan_switch/m_bscan_runtest[0], dbg_hub/inst/BSCANID.u_xsdbm_id/CORE_XSDB.UUT_MASTER/U_ICON_INTERFACE/U_CMD6_RD/U_RD_FIFO/SUBCORE_FIFO.xsdbm_v3_0_0_rdfifo_inst/inst_fifo_gen/gconvfifo.rf/grf.rf/gntv_or_sync_fifo.gl0.rd/gras.rsts/ram_empty_i, dbg_hub/inst/BSCANID.u_xsdbm_id/CORE_XSDB.UUT_MASTER/U_ICON_INTERFACE/U_CMD6_WR/U_WR_FIFO/SUBCORE_FIFO.xsdbm_v3_0_0_wrfifo_inst/inst_fifo_gen/gconvfifo.rf/grf.rf/gntv_or_sync_fifo.gl0.wr/gwas.wsts/ram_full_i, dbg_hub/inst/BSCANID.u_xsdbm_id/CORE_XSDB.UUT_MASTER/U_ICON_INTERFACE/U_CMD6_WR/U_WR_FIFO/SUBCORE_FIFO.xsdbm_v3_0_0_wrfifo_inst/inst_fifo_gen/gconvfifo.rf/grf.rf/rstblk/rd_rst_reg[0], dbg_hub/inst/BSCANID.u_xsdbm_id/SWITCH_N_EXT_BSCAN.bscan_inst/s_bscan_tms, ila_0_inst/U0/ila_core_inst/u_ila_regs/U_XSDB_SLAVE/s_daddr_o[13], ila_0_inst/U0/ila_core_inst/u_ila_regs/U_XSDB_SLAVE/s_daddr_o[14], ila_0_inst/U0/ila_core_inst/u_ila_regs/U_XSDB_SLAVE/s_daddr_o[15], ila_0_inst/U0/ila_core_inst/u_ila_regs/U_XSDB_SLAVE/s_daddr_o[16]... and (the first 15 of 19 listed).
WARNING: [DRC ZPS7-1] PS7 block required: The PS7 cell must be used in this Zynq design in order to enable correct default configuration.
INFO: [Vivado 12-3199] DRC finished with 0 Errors, 44 Warnings
INFO: [Vivado 12-3200] Please refer to the DRC report (report_drc) for more information.
INFO: [Designutils 20-2272] Running write_bitstream with 2 threads.
Loading data files...
Loading site data...
Loading route data...
Processing options...
Creating bitmap...
Creating bitstream...
Writing bitstream ./waveGenerator_VIO_ILA.bit...
INFO: [Vivado 12-1842] Bitgen Completed Successfully.
INFO: [Project 1-120] WebTalk data collection is mandatory when using a WebPACK part without a full Vivado license. To see the specific WebTalk data collected for your design, open the usage_statistics_webtalk.html or usage_statistics_webtalk.xml file in the implementation directory.
Access is denied.
Access is denied.
INFO: [Common 17-83] Releasing license: Implementation
111 Infos, 86 Warnings, 0 Critical Warnings and 0 Errors encountered.
write_bitstream completed successfully
write_bitstream: Time (s): cpu = 00:00:16 ; elapsed = 00:00:13 . Memory (MB): peak = 1796.098 ; gain = 338.871
INFO: [Common 17-206] Exiting Vivado at Tue Apr 16 16:58:02 2024...
